[0m
[0m [0m [0m [0m [0m [0m [0m [0m [0m [0m [0m [0m [0m [0m [0m [0m [0m [0m [0m [0m [0m [0m [0m [0m [0m [0m [0m [0m [0m [0m [0m [0m [0m [0m [0m [0m [0m [0m [0m [0m [0m [0m [0m [0m [0m [0m [0m [0m [0m [0m [0m [0m [0m [0m [0m [0m [0m [0m [0m [48;5;255m [48;5;255m [0m [0m [0m [0m [0m [0m [0m [0m [0m [0m [0m [0m
[0m [0m [0m [0m [0m [0m [0m [0m [0m [0m [0m [0m [0m [0m [0m [0m [0m [0m [0m [0m [0m [0m [0m [0m [0m [0m [0m [0m [0m [0m [0m [0m [0m [0m [0m [0m [0m [0m [0m [0m [0m [0m [0m [0m [0m [0m [0m [0m [0m [0m [0m [0m [0m [0m [0m [0m [0m [0m [0m [48;5;255m [48;5;255m [0m [0m [0m [0m [0m [0m [0m [0m [0m [0m [0m [0m
[0m [0m [0m [0m [0m [0m [0m [0m [0m [0m [0m [0m [0m [0m [0m [0m [0m [0m [0m [0m [0m [0m [0m [0m [0m [0m [0m [0m [0m [0m [0m [0m [0m [0m [0m [0m [0m [0m [0m [0m [0m [0m [0m [0m [0m [0m [0m [0m [0m [0m [0m [0m [0m [0m [0m [0m [0m [0m [0m [48;5;255m [48;5;255m [0m [0m [0m [0m [0m [0m [0m [0m [0m [0m [0m [0m
[48;5;255m [48;5;255m [48;5;255m [48;5;255m [48;5;255m [48;5;255m [48;5;255m [0m [0m [48;5;255m [48;5;255m [48;5;255m [48;5;255m [48;5;255m [48;5;255m [48;5;255m [48;5;255m [0m [0m [48;5;255m [48;5;255m [48;5;255m [48;5;255m [48;5;255m [48;5;255m [48;5;255m [48;5;255m [48;5;255m [48;5;255m [48;5;255m [48;5;255m [0m [0m [48;5;255m [48;5;255m [48;5;255m [48;5;255m [48;5;255m [48;5;255m [48;5;255m [48;5;255m [0m [0m [48;5;255m [48;5;255m [48;5;255m [48;5;255m [48;5;255m [48;5;255m [48;5;255m [48;5;255m [0m [0m [48;5;255m [48;5;255m [48;5;255m [48;5;255m [48;5;255m [48;5;255m [48;5;255m [48;5;255m [0m [0m [48;5;255m [48;5;255m [48;5;255m [48;5;255m [48;5;255m [48;5;255m [48;5;255m [48;5;255m [0m [0m [48;5;255m [48;5;255m [48;5;255m [48;5;255m [48;5;255m [48;5;255m [48;5;255m [48;5;255m [0m
[48;5;255m [48;5;255m [0m [0m [0m [0m [0m [0m [0m [48;5;255m [48;5;255m [0m [0m [0m [0m [48;5;255m [48;5;255m [0m [0m [48;5;255m [48;5;255m [0m [0m [0m [48;5;255m [48;5;255m [0m [0m [0m [48;5;255m [48;5;255m [0m [0m [48;5;255m [48;5;255m [0m [0m [0m [0m [48;5;255m [48;5;255m [0m [0m [48;5;255m [48;5;255m [0m [0m [0m [0m [48;5;255m [48;5;255m [0m [0m [48;5;255m [48;5;255m [0m [0m [0m [0m [48;5;255m [48;5;255m [0m [0m [48;5;255m [48;5;255m [0m [0m [0m [0m [48;5;255m [48;5;255m [0m [0m [48;5;255m [48;5;255m [0m
[48;5;255m [48;5;255m [0m [0m [0m [0m [0m [0m [0m [48;5;255m [48;5;255m [0m [0m [0m [0m [48;5;255m [48;5;255m [0m [0m [48;5;255m [48;5;255m [0m [0m [0m [48;5;255m [48;5;255m [0m [0m [0m [48;5;255m [48;5;255m [0m [0m [48;5;255m [48;5;255m [0m [0m [0m [0m [48;5;255m [48;5;255m [0m [0m [48;5;255m [48;5;255m [0m [0m [0m [0m [48;5;255m [48;5;255m [0m [0m [48;5;255m [48;5;255m [0m [0m [0m [0m [48;5;255m [48;5;255m [0m [0m [48;5;255m [48;5;255m [0m [0m [0m [0m [48;5;255m [48;5;255m [0m [0m [48;5;255m [48;5;255m [0m
[48;5;255m [48;5;255m [0m [0m [0m [0m [0m [0m [0m [48;5;255m [48;5;255m [0m [0m [0m [0m [48;5;255m [48;5;255m [0m [0m [48;5;255m [48;5;255m [0m [0m [0m [48;5;255m [48;5;255m [0m [0m [0m [48;5;255m [48;5;255m [0m [0m [48;5;255m [48;5;255m [0m [0m [0m [0m [48;5;255m [48;5;255m [0m [0m [48;5;255m [48;5;255m [0m [0m [0m [0m [48;5;255m [48;5;255m [0m [0m [48;5;255m [48;5;255m [0m [0m [0m [0m [48;5;255m [48;5;255m [0m [0m [48;5;255m [48;5;255m [0m [0m [0m [0m [48;5;255m [48;5;255m [0m [0m [48;5;255m [48;5;255m [0m
[48;5;255m [48;5;255m [48;5;255m [48;5;255m [48;5;255m [48;5;255m [48;5;255m [0m [0m [48;5;255m [48;5;255m [48;5;255m [48;5;255m [48;5;255m [48;5;255m [48;5;255m [48;5;255m [0m [0m [48;5;255m [48;5;255m [0m [0m [0m [48;5;255m [48;5;255m [0m [0m [0m [48;5;255m [48;5;255m [0m [0m [48;5;255m [48;5;255m [48;5;255m [48;5;255m [48;5;255m [48;5;255m [48;5;255m [48;5;255m [0m [0m [48;5;255m [48;5;255m [48;5;255m [48;5;255m [48;5;255m [48;5;255m [48;5;255m [48;5;255m [0m [0m [48;5;255m [48;5;255m [48;5;255m [48;5;255m [48;5;255m [48;5;255m [48;5;255m [48;5;255m [0m [0m [48;5;255m [48;5;255m [48;5;255m [48;5;255m [48;5;255m [48;5;255m [48;5;255m [48;5;255m [0m [0m [48;5;255m [48;5;255m [48;5;255m [48;5;255m [48;5;255m [48;5;255m [48;5;255m [48;5;255m [0m
[0m [0m [0m [0m [0m [0m [0m [0m [0m [0m [0m [0m [0m [0m [0m [0m [0m [0m [0m [0m [0m [0m [0m [0m [0m [0m [0m [0m [0m [0m [0m [0m [0m [48;5;255m [48;5;255m [0m [0m [0m [0m [0m [0m [0m [0m [0m [0m [0m [0m
[0m [0m [0m [0m [0m [0m [0m [0m [0m [0m [0m [0m [0m [0m [0m [0m [0m [0m [0m [0m [0m [0m [0m [0m [0m [0m [0m [0m [0m [0m [0m [0m [0m [48;5;255m [48;5;255m [0m [0m [0m [0m [0m [0m [0m [0m [0m [0m [0m [0m
[0m [0m [0m [0m [0m [0m [0m [0m [0m [0m [0m [0m [0m [0m [0m [0m [0m [0m [0m [0m [0m [0m [0m [0m [0m [0m [0m [0m [0m [0m [0m [0m [0m [48;5;255m [48;5;255m [0m [0m [0m [0m [0m [0m [0m [0m [0m [0m [0m [0m

1.1.19

TypeScript version used by Compodoc : 4.5.5

TypeScript version of current project : 4.3.5

Node.js version : v16.13.1

Operating system : Windows 10

[05:51:09] No configuration file found, switching to CLI flags.
[05:51:09] Using tsconfig file : C:\Angular\pizza-order220304\tsconfig.json
[05:51:09] Including      : C:\Angular\pizza-order220304\.editorconfig
[05:51:09] Including      : C:\Angular\pizza-order220304\.browserslistrc
[05:51:09] Including      : C:\Angular\pizza-order220304\.gitignore
[05:51:09] Including      : C:\Angular\pizza-order220304\angular.json
[05:51:09] Including      : C:\Angular\pizza-order220304\documentation.json
[05:51:09] Including      : C:\Angular\pizza-order220304\package-lock.json
[05:51:09] Including      : C:\Angular\pizza-order220304\karma.conf.js
[05:51:09] Including      : C:\Angular\pizza-order220304\README.md
[05:51:09] Including      : C:\Angular\pizza-order220304\build-storybook.log
[05:51:09] Including      : C:\Angular\pizza-order220304\package.json
[05:51:09] Including      : C:\Angular\pizza-order220304\tailwind.config.js
[05:51:09] Including      : C:\Angular\pizza-order220304\tsconfig.app.json
[05:51:09] Including      : C:\Angular\pizza-order220304\tsconfig.json
[05:51:09] Including      : C:\Angular\pizza-order220304\tsconfig.spec.json
[05:51:09] Including      : C:\Angular\pizza-order220304\.storybook\main.js
[05:51:09] Including      : C:\Angular\pizza-order220304\.storybook\preview.js
[05:51:09] Including      : C:\Angular\pizza-order220304\.storybook\tsconfig.json
[05:51:09] Ignoring       : C:\Angular\pizza-order220304\.storybook\typings.d.ts
[05:51:09] Including      : C:\Angular\pizza-order220304\.idea\.gitignore
[05:51:09] Including      : C:\Angular\pizza-order220304\.idea\modules.xml
[05:51:09] Including      : C:\Angular\pizza-order220304\.idea\pizza-order220304.iml
[05:51:09] Including      : C:\Angular\pizza-order220304\.idea\vcs.xml
[05:51:09] Including      : C:\Angular\pizza-order220304\.idea\workspace.xml
[05:51:09] Including      : C:\Angular\pizza-order220304\src\favicon.ico
[05:51:09] Including      : C:\Angular\pizza-order220304\src\index.html
[05:51:09] Including      : C:\Angular\pizza-order220304\src\main.ts
[05:51:09] Including      : C:\Angular\pizza-order220304\src\polyfills.ts
[05:51:09] Including      : C:\Angular\pizza-order220304\src\styles.css
[05:51:09] Including      : C:\Angular\pizza-order220304\src\test.ts
[05:51:09] Including      : C:\Angular\pizza-order220304\src\app\app.component.css
[05:51:09] Including      : C:\Angular\pizza-order220304\src\app\app.component.html
[05:51:09] Ignoring       : C:\Angular\pizza-order220304\src\app\app.component.spec.ts
[05:51:09] Including      : C:\Angular\pizza-order220304\src\app\app.component.ts
[05:51:09] Including      : C:\Angular\pizza-order220304\src\app\app.module.ts
[05:51:09] Including      : C:\Angular\pizza-order220304\src\environments\environment.prod.ts
[05:51:09] Including      : C:\Angular\pizza-order220304\src\assets\.gitkeep
[05:51:09] Including      : C:\Angular\pizza-order220304\src\environments\environment.ts
[05:51:09] Including      : C:\Angular\pizza-order220304\src\stories\button.component.ts
[05:51:09] Including      : C:\Angular\pizza-order220304\src\stories\button.css
[05:51:09] Including      : C:\Angular\pizza-order220304\src\stories\Button.stories.ts
[05:51:09] Including      : C:\Angular\pizza-order220304\src\stories\header.component.ts
[05:51:09] Including      : C:\Angular\pizza-order220304\src\stories\header.css
[05:51:09] Including      : C:\Angular\pizza-order220304\src\stories\Header.stories.ts
[05:51:09] Including      : C:\Angular\pizza-order220304\src\stories\page.component.ts
[05:51:09] Including      : C:\Angular\pizza-order220304\src\stories\Introduction.stories.mdx
[05:51:09] Including      : C:\Angular\pizza-order220304\src\stories\page.css
[05:51:09] Including      : C:\Angular\pizza-order220304\src\stories\Page.stories.ts
[05:51:09] Including      : C:\Angular\pizza-order220304\src\stories\User.ts
[05:51:09] Including      : C:\Angular\pizza-order220304\src\app\models\index.ts
[05:51:09] Including      : C:\Angular\pizza-order220304\src\app\models\topping.model.ts
[05:51:09] Including      : C:\Angular\pizza-order220304\src\app\models\pizza.model.ts
[05:51:09] Including      : C:\Angular\pizza-order220304\src\app\services\index.ts
[05:51:09] Ignoring       : C:\Angular\pizza-order220304\src\app\services\price.service.spec.ts
[05:51:09] Including      : C:\Angular\pizza-order220304\src\app\services\pizzas.service.ts
[05:51:09] Including      : C:\Angular\pizza-order220304\src\app\services\price.service.ts
[05:51:09] Including      : C:\Angular\pizza-order220304\src\app\services\topping-added.service.ts
[05:51:09] Ignoring       : C:\Angular\pizza-order220304\src\app\services\topping-image.service.spec.ts
[05:51:09] Including      : C:\Angular\pizza-order220304\src\app\services\topping-image.service.ts
[05:51:09] Including      : C:\Angular\pizza-order220304\src\app\services\topping-total.service.ts
[05:51:09] Including      : C:\Angular\pizza-order220304\src\app\services\toppings.service.ts
[05:51:09] Including      : C:\Angular\pizza-order220304\src\app\state\index.ts
[05:51:09] Including      : C:\Angular\pizza-order220304\src\app\state\pizzas.actions.ts
[05:51:09] Including      : C:\Angular\pizza-order220304\src\app\state\pizzas.state.ts
[05:51:09] Including      : C:\Angular\pizza-order220304\src\app\state\toppings.actions.ts
[05:51:09] Ignoring       : C:\Angular\pizza-order220304\src\app\state\toppings.state.spec.ts
[05:51:09] Including      : C:\Angular\pizza-order220304\src\app\state\toppings.state.ts
[05:51:09] Including      : C:\Angular\pizza-order220304\src\assets\css\style.css
[05:51:09] Including      : C:\Angular\pizza-order220304\src\assets\fonts\cornerstone.woff
[05:51:09] Including      : C:\Angular\pizza-order220304\src\assets\fonts\cornerstone.woff2
[05:51:09] Including      : C:\Angular\pizza-order220304\src\assets\img\logo.svg
[05:51:09] Including      : C:\Angular\pizza-order220304\src\assets\img\pizza.svg
[05:51:09] Including      : C:\Angular\pizza-order220304\src\assets\json\db.json
[05:51:09] Including      : C:\Angular\pizza-order220304\src\stories\assets\code-brackets.svg
[05:51:09] Including      : C:\Angular\pizza-order220304\src\stories\assets\colors.svg
[05:51:09] Including      : C:\Angular\pizza-order220304\src\stories\assets\comments.svg
[05:51:09] Including      : C:\Angular\pizza-order220304\src\stories\assets\direction.svg
[05:51:09] Including      : C:\Angular\pizza-order220304\src\stories\assets\flow.svg
[05:51:09] Including      : C:\Angular\pizza-order220304\src\stories\assets\plugin.svg
[05:51:09] Including      : C:\Angular\pizza-order220304\src\stories\assets\repo.svg
[05:51:09] Including      : C:\Angular\pizza-order220304\src\stories\assets\stackalt.svg
[05:51:09] Ignoring       : C:\Angular\pizza-order220304\src\app\components\pizza-display\pizza-display.component.spec.ts
[05:51:09] Including      : C:\Angular\pizza-order220304\src\app\components\pizza-display\pizza-display.component.stories.ts
[05:51:09] Including      : C:\Angular\pizza-order220304\src\app\components\pizza-display\pizza-display.component.ts
[05:51:09] Including      : C:\Angular\pizza-order220304\src\assets\img\actions\checked.svg
[05:51:09] Including      : C:\Angular\pizza-order220304\src\assets\img\toppings\anchovy.svg
[05:51:09] Including      : C:\Angular\pizza-order220304\src\assets\img\toppings\anchovy3.svg
[05:51:09] Including      : C:\Angular\pizza-order220304\src\assets\img\toppings\bacon.svg
[05:51:09] Including      : C:\Angular\pizza-order220304\src\assets\img\toppings\basil.svg
[05:51:09] Including      : C:\Angular\pizza-order220304\src\assets\img\toppings\anchovy1.svg
[05:51:09] Including      : C:\Angular\pizza-order220304\src\assets\img\toppings\chili.svg
[05:51:09] Including      : C:\Angular\pizza-order220304\src\assets\img\toppings\mozzarella.svg
[05:51:09] Including      : C:\Angular\pizza-order220304\src\assets\img\toppings\mushroom.svg
[05:51:09] Including      : C:\Angular\pizza-order220304\src\assets\img\toppings\olive.svg
[05:51:09] Including      : C:\Angular\pizza-order220304\src\assets\img\toppings\onion.svg
[05:51:09] Including      : C:\Angular\pizza-order220304\src\assets\img\toppings\pepperoni.svg
[05:51:09] Including      : C:\Angular\pizza-order220304\src\assets\img\toppings\pepper.svg
[05:51:09] Including      : C:\Angular\pizza-order220304\src\assets\img\toppings\prawn.svg
[05:51:09] Including      : C:\Angular\pizza-order220304\src\assets\img\toppings\sweetcorn.svg
[05:51:09] Including      : C:\Angular\pizza-order220304\src\assets\img\toppings\tomato.svg
[05:51:09] Including      : C:\Angular\pizza-order220304\src\assets\md\images\structure1.png
[05:51:09] Including      : C:\Angular\pizza-order220304\src\assets\img\toppings\multi\anchovy_2.svg
[05:51:09] Including      : C:\Angular\pizza-order220304\src\assets\img\toppings\multi\anchovy_3.svg
[05:51:09] Including      : C:\Angular\pizza-order220304\src\assets\img\toppings\multi\anchovy_4.svg
[05:51:09] Including      : C:\Angular\pizza-order220304\src\assets\img\toppings\multi\anchovy_1.svg
[05:51:09] Including      : C:\Angular\pizza-order220304\src\assets\img\toppings\multi\bacon_2.svg
[05:51:09] Including      : C:\Angular\pizza-order220304\src\assets\img\toppings\multi\bacon_1.svg
[05:51:09] Including      : C:\Angular\pizza-order220304\src\assets\img\toppings\multi\anchovy_5.svg
[05:51:09] Including      : C:\Angular\pizza-order220304\src\assets\img\toppings\multi\bacon_3.svg
[05:51:09] Including      : C:\Angular\pizza-order220304\src\assets\img\toppings\multi\bacon_4.svg
[05:51:09] Including      : C:\Angular\pizza-order220304\src\assets\img\toppings\multi\bacon_5.svg
[05:51:09] Including      : C:\Angular\pizza-order220304\src\assets\img\toppings\multi\basil_1.svg
[05:51:09] Including      : C:\Angular\pizza-order220304\src\assets\img\toppings\multi\basil_2.svg
[05:51:09] Including      : C:\Angular\pizza-order220304\src\assets\img\toppings\multi\basil_3.svg
[05:51:09] Including      : C:\Angular\pizza-order220304\src\assets\img\toppings\multi\basil_4.svg
[05:51:09] Including      : C:\Angular\pizza-order220304\src\assets\img\toppings\multi\basil_5.svg
[05:51:09] Including      : C:\Angular\pizza-order220304\src\assets\img\toppings\multi\chili_1.svg
[05:51:09] Including      : C:\Angular\pizza-order220304\src\assets\img\toppings\multi\chili_2.svg
[05:51:09] Including      : C:\Angular\pizza-order220304\src\assets\img\toppings\multi\chili_3.svg
[05:51:09] Including      : C:\Angular\pizza-order220304\src\assets\img\toppings\multi\chili_4.svg
[05:51:09] Including      : C:\Angular\pizza-order220304\src\assets\img\toppings\multi\chili_5.svg
[05:51:09] Including      : C:\Angular\pizza-order220304\src\assets\img\toppings\multi\mozzarella_1.svg
[05:51:09] Including      : C:\Angular\pizza-order220304\src\assets\img\toppings\multi\mozzarella_2.svg
[05:51:09] Including      : C:\Angular\pizza-order220304\src\assets\img\toppings\multi\mozzarella_3.svg
[05:51:09] Including      : C:\Angular\pizza-order220304\src\assets\img\toppings\multi\mozzarella_4.svg
[05:51:09] Including      : C:\Angular\pizza-order220304\src\assets\img\toppings\multi\mozzarella_5.svg
[05:51:09] Including      : C:\Angular\pizza-order220304\src\assets\img\toppings\multi\mushroom_1.svg
[05:51:09] Including      : C:\Angular\pizza-order220304\src\assets\img\toppings\multi\mushroom_2.svg
[05:51:09] Including      : C:\Angular\pizza-order220304\src\assets\img\toppings\multi\mushroom_3.svg
[05:51:09] Including      : C:\Angular\pizza-order220304\src\assets\img\toppings\multi\mushroom_5.svg
[05:51:09] Including      : C:\Angular\pizza-order220304\src\assets\img\toppings\multi\mushroom_4.svg
[05:51:09] Including      : C:\Angular\pizza-order220304\src\assets\img\toppings\multi\olive_1.svg
[05:51:09] Including      : C:\Angular\pizza-order220304\src\assets\img\toppings\multi\olive_2.svg
[05:51:09] Including      : C:\Angular\pizza-order220304\src\assets\img\toppings\multi\olive_3.svg
[05:51:09] Including      : C:\Angular\pizza-order220304\src\assets\img\toppings\multi\olive_4.svg
[05:51:09] Including      : C:\Angular\pizza-order220304\src\assets\img\toppings\multi\olive_5.svg
[05:51:09] Including      : C:\Angular\pizza-order220304\src\assets\img\toppings\multi\onion_1.svg
[05:51:09] Including      : C:\Angular\pizza-order220304\src\assets\img\toppings\multi\onion_2.svg
[05:51:09] Including      : C:\Angular\pizza-order220304\src\assets\img\toppings\multi\onion_3.svg
[05:51:09] Including      : C:\Angular\pizza-order220304\src\assets\img\toppings\multi\onion_4.svg
[05:51:09] Including      : C:\Angular\pizza-order220304\src\assets\img\toppings\multi\onion_5.svg
[05:51:09] Including      : C:\Angular\pizza-order220304\src\assets\img\toppings\multi\pepperoni_1.svg
[05:51:09] Including      : C:\Angular\pizza-order220304\src\assets\img\toppings\multi\pepperoni_2.svg
[05:51:09] Including      : C:\Angular\pizza-order220304\src\assets\img\toppings\multi\pepperoni_3.svg
[05:51:09] Including      : C:\Angular\pizza-order220304\src\assets\img\toppings\multi\pepperoni_4.svg
[05:51:09] Including      : C:\Angular\pizza-order220304\src\assets\img\toppings\multi\pepperoni_5.svg
[05:51:09] Including      : C:\Angular\pizza-order220304\src\assets\img\toppings\multi\pepper_1.svg
[05:51:09] Including      : C:\Angular\pizza-order220304\src\assets\img\toppings\multi\pepper_2.svg
[05:51:09] Including      : C:\Angular\pizza-order220304\src\assets\img\toppings\multi\pepper_3.svg
[05:51:09] Including      : C:\Angular\pizza-order220304\src\assets\img\toppings\multi\pepper_5.svg
[05:51:09] Including      : C:\Angular\pizza-order220304\src\assets\img\toppings\multi\pepper_4.svg
[05:51:09] Including      : C:\Angular\pizza-order220304\src\assets\img\toppings\multi\prawn_1.svg
[05:51:09] Including      : C:\Angular\pizza-order220304\src\assets\img\toppings\multi\prawn_2.svg
[05:51:09] Including      : C:\Angular\pizza-order220304\src\assets\img\toppings\multi\prawn_3.svg
[05:51:09] Including      : C:\Angular\pizza-order220304\src\assets\img\toppings\multi\prawn_4.svg
[05:51:09] Including      : C:\Angular\pizza-order220304\src\assets\img\toppings\multi\prawn_5.svg
[05:51:09] Including      : C:\Angular\pizza-order220304\src\assets\img\toppings\multi\sweetcorn_1.svg
[05:51:09] Including      : C:\Angular\pizza-order220304\src\assets\img\toppings\multi\sweetcorn_2.svg
[05:51:09] Including      : C:\Angular\pizza-order220304\src\assets\img\toppings\multi\sweetcorn_3.svg
[05:51:09] Including      : C:\Angular\pizza-order220304\src\assets\img\toppings\multi\sweetcorn_4.svg
[05:51:09] Including      : C:\Angular\pizza-order220304\src\assets\img\toppings\multi\sweetcorn_5.svg
[05:51:09] Including      : C:\Angular\pizza-order220304\src\assets\img\toppings\multi\tomato_1.svg
[05:51:09] Including      : C:\Angular\pizza-order220304\src\assets\img\toppings\multi\tomato_2.svg
[05:51:09] Including      : C:\Angular\pizza-order220304\src\assets\img\toppings\multi\tomato_3.svg
[05:51:09] Including      : C:\Angular\pizza-order220304\src\assets\img\toppings\multi\tomato_4.svg
[05:51:09] Including      : C:\Angular\pizza-order220304\src\assets\img\toppings\multi\tomato_5.svg
[05:51:09] Including      : C:\Angular\pizza-order220304\src\assets\img\toppings\singles\anchovy.svg
[05:51:09] Including      : C:\Angular\pizza-order220304\src\assets\img\toppings\singles\bacon.svg
[05:51:09] Including      : C:\Angular\pizza-order220304\src\assets\img\toppings\singles\basil.svg
[05:51:09] Including      : C:\Angular\pizza-order220304\src\assets\img\toppings\singles\chili.svg
[05:51:09] Including      : C:\Angular\pizza-order220304\src\assets\img\toppings\singles\mozzarella.svg
[05:51:09] Including      : C:\Angular\pizza-order220304\src\assets\img\toppings\singles\mushroom.svg
[05:51:09] Including      : C:\Angular\pizza-order220304\src\assets\img\toppings\singles\olive.svg
[05:51:09] Including      : C:\Angular\pizza-order220304\src\assets\img\toppings\singles\onion.svg
[05:51:09] Including      : C:\Angular\pizza-order220304\src\assets\img\toppings\singles\pepper.svg
[05:51:09] Including      : C:\Angular\pizza-order220304\src\assets\img\toppings\singles\pepperoni.svg
[05:51:09] Including      : C:\Angular\pizza-order220304\src\assets\img\toppings\singles\prawn.svg
[05:51:09] Including      : C:\Angular\pizza-order220304\src\assets\img\toppings\singles\sweetcorn.svg
[05:51:09] Including      : C:\Angular\pizza-order220304\src\assets\img\toppings\singles\tomato.svg
[05:51:09] Searching package.json file
[05:51:09] package.json file found
[05:51:09] Processing package.json dependencies
[05:51:09] Searching README.md, CHANGELOG.md, CONTRIBUTING.md, LICENSE.md, TODO.md files
[05:51:09] README.md file found
[05:51:09] Error during C:\Angular\pizza-order220304\CHANGELOG read
[05:51:09] Continuing without CHANGELOG.md file
[05:51:09] Error during C:\Angular\pizza-order220304\CONTRIBUTING read
[05:51:09] Continuing without CONTRIBUTING.md file
[05:51:09] Error during C:\Angular\pizza-order220304\LICENSE read
[05:51:09] Continuing without LICENSE.md file
[05:51:09] Error during C:\Angular\pizza-order220304\TODO read
[05:51:09] Continuing without TODO.md file
[05:51:09] Get dependencies data
[05:51:09] parsing        : C:/Angular/pizza-order220304/src/main.ts
[05:51:09] parsing        : C:/Angular/pizza-order220304/src/polyfills.ts
[05:51:09] parsing        : C:/Angular/pizza-order220304/src/test.ts
[05:51:09] found          : require
[05:51:09] found          : context
[05:51:09] parsing        : C:/Angular/pizza-order220304/src/app/app.component.ts
[05:51:09] found          : AppComponent
[05:51:09] parsing        : C:/Angular/pizza-order220304/src/app/app.module.ts
[05:51:09] found          : AppModule
[05:51:09]                : - imports:
[05:51:09]                : 	- BrowserModule
[05:51:09]                : 	- BrowserAnimationsModule
[05:51:09]                : - declarations:
[05:51:09]                : 	- AppComponent
[05:51:09]                : 	- PizzaDisplayComponent
[05:51:09]                : - bootstrap:
[05:51:09]                : 	- AppComponent
[05:51:09] parsing        : C:/Angular/pizza-order220304/src/environments/environment.prod.ts
[05:51:09] found          : environment
[05:51:09] parsing        : C:/Angular/pizza-order220304/src/environments/environment.ts
[05:51:09] found          : environment
[05:51:09] parsing        : C:/Angular/pizza-order220304/src/stories/button.component.ts
[05:51:09] found          : ButtonComponent
[05:51:09] parsing        : C:/Angular/pizza-order220304/src/stories/Button.stories.ts
[05:51:09] found          : Template
[05:51:09] found          : Primary
[05:51:09] found          : Secondary
[05:51:09] found          : Large
[05:51:09] found          : Small
[05:51:09] parsing        : C:/Angular/pizza-order220304/src/stories/header.component.ts
[05:51:09] found          : HeaderComponent
[05:51:09] parsing        : C:/Angular/pizza-order220304/src/stories/Header.stories.ts
[05:51:09] found          : Template
[05:51:09] found          : LoggedIn
[05:51:09] found          : LoggedOut
[05:51:09] parsing        : C:/Angular/pizza-order220304/src/stories/page.component.ts
[05:51:09] found          : PageComponent
[05:51:09] parsing        : C:/Angular/pizza-order220304/src/stories/Page.stories.ts
[05:51:09] found          : Template
[05:51:09] found          : LoggedOut
[05:51:09] found          : LoggedIn
[05:51:09] parsing        : C:/Angular/pizza-order220304/src/stories/User.ts
[05:51:09] found          : User
[05:51:09] parsing        : C:/Angular/pizza-order220304/src/app/models/index.ts
[05:51:09] parsing        : C:/Angular/pizza-order220304/src/app/models/topping.model.ts
[05:51:09] found          : Topping
[05:51:09] found          : SequenceTopping
[05:51:09] parsing        : C:/Angular/pizza-order220304/src/app/models/pizza.model.ts
[05:51:09] found          : Pizza
[05:51:09] parsing        : C:/Angular/pizza-order220304/src/app/services/index.ts
[05:51:09] found          : services
[05:51:09] parsing        : C:/Angular/pizza-order220304/src/app/services/pizzas.service.ts
[05:51:09] found          : PizzasService
[05:51:09] parsing        : C:/Angular/pizza-order220304/src/app/services/price.service.ts
[05:51:09] found          : PriceService
[05:51:09] parsing        : C:/Angular/pizza-order220304/src/app/services/topping-added.service.ts
[05:51:09] found          : ToppingAddedService
[05:51:09] parsing        : C:/Angular/pizza-order220304/src/app/services/topping-image.service.ts
[05:51:09] found          : ToppingImageService
[05:51:09] parsing        : C:/Angular/pizza-order220304/src/app/services/topping-total.service.ts
[05:51:09] found          : ToppingTotalService
[05:51:09] parsing        : C:/Angular/pizza-order220304/src/app/services/toppings.service.ts
[05:51:09] found          : ToppingsService
[05:51:09] parsing        : C:/Angular/pizza-order220304/src/app/state/index.ts
[05:51:09] found          : ProductsState
[05:51:09] parsing        : C:/Angular/pizza-order220304/src/app/state/pizzas.actions.ts
[05:51:09] found          : LoadPizzas
[05:51:09] found          : LoadPizzasSuccess
[05:51:09] found          : LoadPizzasFail
[05:51:09] found          : CreatePizza
[05:51:09] found          : CreatePizzaSuccess
[05:51:09] found          : CreatePizzaFail
[05:51:09] found          : UpdatePizza
[05:51:09] found          : UpdatePizzaSuccess
[05:51:09] found          : UpdatePizzaFail
[05:51:09] found          : RemovePizza
[05:51:09] found          : RemovePizzaSuccess
[05:51:09] found          : RemovePizzaFail
[05:51:09] found          : SelectPizza
[05:51:09] parsing        : C:/Angular/pizza-order220304/src/app/state/pizzas.state.ts
[05:51:09] found          : Pizzac
[05:51:09] found          : PizzasStateModel
[05:51:09] found          : PizzasState
[05:51:09] parsing        : C:/Angular/pizza-order220304/src/app/state/toppings.actions.ts
[05:51:09] found          : LoadToppings
[05:51:09] found          : LoadToppingsSuccess
[05:51:09] found          : LoadToppingsFail
[05:51:09] found          : UpdateToppings
[05:51:09] found          : UpdateToppingsSuccess
[05:51:09] found          : UpdateToppingsFail
[05:51:09] found          : VisualiseToppings
[05:51:09] parsing        : C:/Angular/pizza-order220304/src/app/state/toppings.state.ts
[05:51:09] found          : ToppingsStateModel
[05:51:09] found          : ToppingsState
[05:51:09] parsing        : C:/Angular/pizza-order220304/src/app/components/pizza-display/pizza-display.component.stories.ts
[05:51:09] found          : Template
[05:51:09] found          : Primary
[05:51:09] parsing        : C:/Angular/pizza-order220304/src/app/components/pizza-display/pizza-display.component.ts
[05:51:09] found          : DROP_ANIMATION
[05:51:09] found          : PizzaDisplayComponent
[05:51:09] -------------------
[05:51:09] Project statistics 
[05:51:09] - files      : 172
[05:51:09] - module     : 1
[05:51:09] - component  : 5
[05:51:09] - injectable : 8
[05:51:09] - class      : 21
[05:51:09] - interface  : 6
[05:51:09] -------------------
[05:51:09] Prepare components
[05:51:09]  AppComponent has a templateUrl, include it
[05:51:09]  AppComponent has styleUrls, include them
[05:51:09]  ButtonComponent has styleUrls, include them
[05:51:09]  HeaderComponent has styleUrls, include them
[05:51:09]  PageComponent has styleUrls, include them
[05:51:09]  PizzaDisplayComponent has styles, include them
[05:51:09] Prepare modules
[05:51:09] Prepare injectables
[05:51:09] Prepare classes
[05:51:09] Prepare interfaces
[05:51:09] Prepare miscellaneous
[05:51:09] Process documentation coverage report
[05:51:09] Generating documentation in export format json
[05:51:09] Documentation generated in ./ in 0.576 seconds
info @storybook/angular v6.4.19
info 
info => Cleaning outputDir: C:\\Users\\WILLIA~1\\AppData\\Local\\Temp\\chromatic--25488-rQRu3JEowsUI
info => Loading presets
info => Compiling manager..
info => Compiling preview..
info => Found custom tsconfig.json
info => Using implicit CSS loaders
info => Loading angular-cli config for angular lower than 12.2.0
info => Using angular project "pizza-order220304:build" for configuring Storybook
info => Using angular-cli webpack config
info => Using default Webpack5 setup
<s> [webpack.Progress] 0% 

<s> [webpack.Progress] 1% setup initialize
<s> [webpack.Progress] 1% setup initialize HtmlWebpackPlugin
<s> [webpack.Progress] 1% setup initialize
<s> [webpack.Progress] 2% setup before run
<s> [webpack.Progress] 2% setup before run NodeEnvironmentPlugin
<s> [webpack.Progress] 2% setup before run
<s> [webpack.Progress] 3% setup run
<s> [webpack.Progress] 3% setup run fork-ts-checker-webpack-plugin
<s> [webpack.Progress] 3% setup run
<s> [webpack.Progress] 4% setup normal module factory
<s> [webpack.Progress] 4% setup normal module factory CaseSensitivePathsPlugin
<s> [webpack.Progress] 4% setup normal module factory
<s> [webpack.Progress] 5% setup context module factory
<s> [webpack.Progress] 5% setup context module factory ContextReplacementPlugin
<s> [webpack.Progress] 5% setup context module factory ContextReplacementPlugin
<s> [webpack.Progress] 5% setup context module factory
<s> [webpack.Progress] 6% setup before compile
<s> [webpack.Progress] 6% setup before compile ProgressPlugin
<s> [webpack.Progress] 6% setup before compile
<s> [webpack.Progress] 7% setup compile
<s> [webpack.Progress] 7% setup compile fork-ts-checker-webpack-plugin
Starting type checking service...
<s> [webpack.Progress] 7% setup compile ExternalsPlugin
<s> [webpack.Progress] 7% setup compile
<s> [webpack.Progress] 8% setup compilation
<s> [webpack.Progress] 8% setup compilation CopyPlugin
<s> [webpack.Progress] 8% setup compilation ArrayPushCallbackChunkFormatPlugin
<s> [webpack.Progress] 8% setup compilation JsonpChunkLoadingPlugin
<s> [webpack.Progress] 8% setup compilation StartupChunkDependenciesPlugin
<s> [webpack.Progress] 8% setup compilation ImportScriptsChunkLoadingPlugin
<s> [webpack.Progress] 8% setup compilation FetchCompileWasmPlugin
<s> [webpack.Progress] 8% setup compilation FetchCompileAsyncWasmPlugin
<s> [webpack.Progress] 8% setup compilation WorkerPlugin
<s> [webpack.Progress] 8% setup compilation SplitChunksPlugin
<s> [webpack.Progress] 8% setup compilation RuntimeChunkPlugin
<s> [webpack.Progress] 8% setup compilation ResolverCachePlugin
<s> [webpack.Progress] 8% setup compilation HtmlWebpackPlugin
<s> [webpack.Progress] 8% setup compilation
<s> [webpack.Progress] 9% setup compilation
<s> [webpack.Progress] 9% setup compilation AnyComponentStyleBudgetChecker
<s> [webpack.Progress] 9% setup compilation DedupeModuleResolvePlugin
<s> [webpack.Progress] 9% setup compilation DefinePlugin
<s> [webpack.Progress] 9% setup compilation ProvidePlugin
<s> [webpack.Progress] 9% setup compilation ProgressPlugin
<s> [webpack.Progress] 9% setup compilation ChunkPrefetchPreloadPlugin
<s> [webpack.Progress] 9% setup compilation SourceMapDevToolPlugin
<s> [webpack.Progress] 9% setup compilation JavascriptModulesPlugin
<s> [webpack.Progress] 9% setup compilation JsonModulesPlugin
<s> [webpack.Progress] 9% setup compilation AssetModulesPlugin
<s> [webpack.Progress] 9% setup compilation EntryPlugin
<s> [webpack.Progress] 9% setup compilation EntryPlugin
<s> [webpack.Progress] 9% setup compilation EntryPlugin
<s> [webpack.Progress] 9% setup compilation EntryPlugin
<s> [webpack.Progress] 9% setup compilation EntryPlugin
<s> [webpack.Progress] 9% setup compilation EntryPlugin
<s> [webpack.Progress] 9% setup compilation EntryPlugin
<s> [webpack.Progress] 9% setup compilation EntryPlugin
<s> [webpack.Progress] 9% setup compilation EntryPlugin
<s> [webpack.Progress] 9% setup compilation EntryPlugin
<s> [webpack.Progress] 9% setup compilation EntryPlugin
<s> [webpack.Progress] 9% setup compilation EntryPlugin
<s> [webpack.Progress] 9% setup compilation EntryPlugin
<s> [webpack.Progress] 9% setup compilation EntryPlugin
<s> [webpack.Progress] 9% setup compilation EntryPlugin
<s> [webpack.Progress] 9% setup compilation EntryPlugin
<s> [webpack.Progress] 9% setup compilation EntryPlugin
<s> [webpack.Progress] 9% setup compilation EntryPlugin
<s> [webpack.Progress] 9% setup compilation RuntimePlugin
<s> [webpack.Progress] 9% setup compilation InferAsyncModulesPlugin
<s> [webpack.Progress] 9% setup compilation DataUriPlugin
<s> [webpack.Progress] 9% setup compilation FileUriPlugin
<s> [webpack.Progress] 9% setup compilation CompatibilityPlugin
<s> [webpack.Progress] 9% setup compilation HarmonyModulesPlugin
<s> [webpack.Progress] 9% setup compilation AMDPlugin
<s> [webpack.Progress] 9% setup compilation RequireJsStuffPlugin
<s> [webpack.Progress] 9% setup compilation CommonJsPlugin
<s> [webpack.Progress] 9% setup compilation LoaderPlugin
<s> [webpack.Progress] 9% setup compilation LoaderPlugin
<s> [webpack.Progress] 9% setup compilation NodeStuffPlugin
<s> [webpack.Progress] 9% setup compilation APIPlugin
<s> [webpack.Progress] 9% setup compilation ExportsInfoApiPlugin
<s> [webpack.Progress] 9% setup compilation WebpackIsIncludedPlugin
<s> [webpack.Progress] 9% setup compilation ConstPlugin
<s> [webpack.Progress] 9% setup compilation UseStrictPlugin
<s> [webpack.Progress] 9% setup compilation RequireIncludePlugin
<s> [webpack.Progress] 9% setup compilation RequireEnsurePlugin
<s> [webpack.Progress] 9% setup compilation RequireContextPlugin
<s> [webpack.Progress] 9% setup compilation ImportPlugin
<s> [webpack.Progress] 9% setup compilation SystemPlugin
<s> [webpack.Progress] 9% setup compilation ImportMetaPlugin
<s> [webpack.Progress] 9% setup compilation URLPlugin
<s> [webpack.Progress] 9% setup compilation DefaultStatsFactoryPlugin
<s> [webpack.Progress] 9% setup compilation DefaultStatsPresetPlugin
<s> [webpack.Progress] 9% setup compilation DefaultStatsPrinterPlugin
<s> [webpack.Progress] 9% setup compilation JavascriptMetaInfoPlugin
<s> [webpack.Progress] 9% setup compilation EnsureChunkConditionsPlugin
<s> [webpack.Progress] 9% setup compilation RemoveEmptyChunksPlugin
<s> [webpack.Progress] 9% setup compilation MergeDuplicateChunksPlugin
<s> [webpack.Progress] 9% setup compilation FlagIncludedChunksPlugin
<s> [webpack.Progress] 9% setup compilation SideEffectsFlagPlugin
<s> [webpack.Progress] 9% setup compilation FlagDependencyExportsPlugin
<s> [webpack.Progress] 9% setup compilation FlagDependencyUsagePlugin
<s> [webpack.Progress] 9% setup compilation InnerGraphPlugin
<s> [webpack.Progress] 9% setup compilation MangleExportsPlugin
<s> [webpack.Progress] 9% setup compilation ModuleConcatenationPlugin
<s> [webpack.Progress] 9% setup compilation NoEmitOnErrorsPlugin
<s> [webpack.Progress] 9% setup compilation RealContentHashPlugin
<s> [webpack.Progress] 9% setup compilation WasmFinalizeExportsPlugin
<s> [webpack.Progress] 9% setup compilation NamedModuleIdsPlugin
<s> [webpack.Progress] 9% setup compilation DeterministicChunkIdsPlugin
<s> [webpack.Progress] 9% setup compilation DefinePlugin
<s> [webpack.Progress] 9% setup compilation TerserPlugin
<s> [webpack.Progress] 9% setup compilation TemplatedPathPlugin
<s> [webpack.Progress] 9% setup compilation RecordIdsPlugin
<s> [webpack.Progress] 9% setup compilation WarnCaseSensitiveModulesPlugin
<s> [webpack.Progress] 9% setup compilation IgnoreWarningsPlugin
<s> [webpack.Progress] 9% setup compilation
<s> [webpack.Progress] 10% building
<s> [webpack.Progress] 10% building 0/1 entries 0/0 dependencies 0/0 modules
<s> [webpack.Progress] 10% building import loader ./node_modules/babel-loader/lib/index.js
<s> [webpack.Progress] 10% building 0/18 entries 3/18 dependencies 0/3 modules
<s> [webpack.Progress] 10% building import loader ./node_modules/style-loader/dist/cjs.js
<s> [webpack.Progress] 10% building import loader ./node_modules/css-loader/dist/cjs.js
<s> [webpack.Progress] 10% building import loader ./node_modules/postcss-loader/dist/cjs.js
<s> [webpack.Progress] 10% building 0/18 entries 4/18 dependencies 0/4 modules

warn - Tailwind is not purging unused styles because no template paths have been provided.
warn - If you have manually configured PurgeCSS outside of Tailwind or are deliberately not removing unused styles, set `purge: false` in your Tailwind config file to silence this warning.
warn - https://tailwindcss.com/docs/controlling-file-size/#removing-unused-css
<s> [webpack.Progress] 10% building 0/18 entries 21/65 dependencies 0/20 modules
<s> [webpack.Progress] 13% building 1/18 entries 72/134 dependencies 13/56 modules
<s> [webpack.Progress] 16% building 2/18 entries 72/134 dependencies 14/56 modules
<s> [webpack.Progress] 16% building import loader ./node_modules/@mdx-js/loader/index.js
<s> [webpack.Progress] 16% building 2/18 entries 475/530 dependencies 18/238 modules
<s> [webpack.Progress] 16% building import loader ./node_modules/ts-loader/index.js
<s> [webpack.Progress] 16% building import loader ./node_modules/@storybook/angular/dist/ts3.9/server/ngx-template-loader/index.js
<s> [webpack.Progress] 16% building import loader ./node_modules/@storybook/source-loader/dist/cjs/index.js
<s> [webpack.Progress] 16% building 2/18 entries 497/530 dependencies 18/245 modules
<s> [webpack.Progress] 16% building 2/18 entries 567/894 dependencies 23/260 modules
[BABEL] Note: The code generator has deoptimised the styling of C:\Angular\pizza-order220304\node_modules\prettier\standalone.js as it exceeds the max of 500KB.
<s> [webpack.Progress] 16% building 2/18 entries 600/905 dependencies 24/269 modules
<s> [webpack.Progress] 19% building 3/18 entries 734/909 dependencies 30/287 modules
<s> [webpack.Progress] 19% building 3/18 entries 1369/1397 dependencies 118/400 modules
<s> [webpack.Progress] 19% building 3/18 entries 1500/1722 dependencies 168/437 modules
<s> [webpack.Progress] 19% building 3/18 entries 2269/2300 dependencies 272/691 modules
<s> [webpack.Progress] 19% building 3/18 entries 2879/2950 dependencies 400/785 modules
<s> [webpack.Progress] 19% building 3/18 entries 3100/3266 dependencies 475/794 modules
<s> [webpack.Progress] 19% building 3/18 entries 3571/3700 dependencies 597/866 modules
<s> [webpack.Progress] 19% building 3/18 entries 3900/3964 dependencies 714/976 modules
<s> [webpack.Progress] 19% building 3/18 entries 4264/4306 dependencies 767/1100 modules
<s> [webpack.Progress] 19% building 3/18 entries 4695/4800 dependencies 890/1256 modules
<s> [webpack.Progress] 22% building 4/18 entries 5034/5087 dependencies 1088/1306 modules
<s> [webpack.Progress] 25% building 5/18 entries 5034/5087 dependencies 1088/1306 modules
<s> [webpack.Progress] 28% building 6/18 entries 5034/5087 dependencies 1088/1306 modules
<s> [webpack.Progress] 31% building 7/18 entries 5034/5087 dependencies 1088/1306 modules
<s> [webpack.Progress] 34% building 8/18 entries 5034/5087 dependencies 1088/1306 modules
<s> [webpack.Progress] 37% building 9/18 entries 5034/5087 dependencies 1088/1306 modules
<s> [webpack.Progress] 40% building 10/18 entries 5034/5087 dependencies 1088/1306 modules
<s> [webpack.Progress] 43% building 11/18 entries 5034/5087 dependencies 1088/1306 modules
<s> [webpack.Progress] 46% building 12/18 entries 5034/5087 dependencies 1088/1306 modules
<s> [webpack.Progress] 49% building 13/18 entries 5171/5220 dependencies 1163/1344 modules
<s> [webpack.Progress] 52% building 14/18 entries 5171/5220 dependencies 1167/1344 modules
<s> [webpack.Progress] 52% building 14/18 entries 5636/5700 dependencies 1460/1585 modules
<s> [webpack.Progress] 55% building 15/18 entries 6155/6163 dependencies 1652/1683 modules
<s> [webpack.Progress] 58% building 16/18 entries 6174/6180 dependencies 1674/1690 modules
<s> [webpack.Progress] 61% building 17/18 entries 6182/6182 dependencies 1694/1695 modules
<s> [webpack.Progress] 65% building 18/18 entries 6182/6182 dependencies 1695/1695 modules
<s> [webpack.Progress] 65% building
<s> [webpack.Progress] 69% building finish
<s> [webpack.Progress] 69% building finish
<s> [webpack.Progress] 70% sealing finish module graph
<s> [webpack.Progress] 70% sealing finish module graph ResolverCachePlugin
<s> [webpack.Progress] 70% sealing finish module graph InferAsyncModulesPlugin
<s> [webpack.Progress] 70% sealing finish module graph FlagDependencyExportsPlugin
<s> [webpack.Progress] 70% sealing finish module graph InnerGraphPlugin
<s> [webpack.Progress] 70% sealing finish module graph WasmFinalizeExportsPlugin
<s> [webpack.Progress] 70% sealing finish module graph
<s> [webpack.Progress] 70% sealing plugins
<s> [webpack.Progress] 70% sealing plugins WarnCaseSensitiveModulesPlugin
<s> [webpack.Progress] 70% sealing plugins
<s> [webpack.Progress] 71% sealing dependencies optimization
<s> [webpack.Progress] 71% sealing dependencies optimization SideEffectsFlagPlugin
<s> [webpack.Progress] 71% sealing dependencies optimization FlagDependencyUsagePlugin
<s> [webpack.Progress] 71% sealing dependencies optimization
<s> [webpack.Progress] 71% sealing after dependencies optimization
<s> [webpack.Progress] 71% sealing after dependencies optimization
<s> [webpack.Progress] 72% sealing chunk graph
<s> [webpack.Progress] 72% sealing chunk graph
<s> [webpack.Progress] 73% sealing after chunk graph
<s> [webpack.Progress] 73% sealing after chunk graph
<s> [webpack.Progress] 73% sealing optimizing
<s> [webpack.Progress] 73% sealing optimizing
<s> [webpack.Progress] 74% sealing module optimization
<s> [webpack.Progress] 74% sealing module optimization
<s> [webpack.Progress] 75% sealing after module optimization
<s> [webpack.Progress] 75% sealing after module optimization
<s> [webpack.Progress] 75% sealing chunk optimization
<s> [webpack.Progress] 75% sealing chunk optimization EnsureChunkConditionsPlugin
<s> [webpack.Progress] 75% sealing chunk optimization RemoveEmptyChunksPlugin
<s> [webpack.Progress] 75% sealing chunk optimization MergeDuplicateChunksPlugin
<s> [webpack.Progress] 75% sealing chunk optimization SplitChunksPlugin
<s> [webpack.Progress] 75% sealing chunk optimization RemoveEmptyChunksPlugin
<s> [webpack.Progress] 75% sealing chunk optimization
<s> [webpack.Progress] 76% sealing after chunk optimization
<s> [webpack.Progress] 76% sealing after chunk optimization
<s> [webpack.Progress] 77% sealing module and chunk tree optimization
<s> [webpack.Progress] 77% sealing module and chunk tree optimization PersistentChildCompilerSingletonPlugin
<s> [webpack.Progress] 77% sealing module and chunk tree optimization
<s> [webpack.Progress] 77% sealing after module and chunk tree optimization
<s> [webpack.Progress] 77% sealing after module and chunk tree optimization
<s> [webpack.Progress] 78% sealing chunk modules optimization
<s> [webpack.Progress] 78% sealing chunk modules optimization ModuleConcatenationPlugin
<s> [webpack.Progress] 78% sealing chunk modules optimization
<s> [webpack.Progress] 78% sealing after chunk modules optimization
<s> [webpack.Progress] 78% sealing after chunk modules optimization
<s> [webpack.Progress] 79% sealing module reviving
<s> [webpack.Progress] 79% sealing module reviving RecordIdsPlugin
<s> [webpack.Progress] 79% sealing module reviving
<s> [webpack.Progress] 80% sealing before module ids
<s> [webpack.Progress] 80% sealing before module ids
<s> [webpack.Progress] 80% sealing module ids
<s> [webpack.Progress] 80% sealing module ids NamedModuleIdsPlugin
<s> [webpack.Progress] 80% sealing module ids
<s> [webpack.Progress] 81% sealing module id optimization
<s> [webpack.Progress] 81% sealing module id optimization
<s> [webpack.Progress] 82% sealing module id optimization
<s> [webpack.Progress] 82% sealing module id optimization
<s> [webpack.Progress] 82% sealing chunk reviving
<s> [webpack.Progress] 82% sealing chunk reviving RecordIdsPlugin
<s> [webpack.Progress] 82% sealing chunk reviving
<s> [webpack.Progress] 83% sealing before chunk ids
<s> [webpack.Progress] 83% sealing before chunk ids
<s> [webpack.Progress] 84% sealing chunk ids
<s> [webpack.Progress] 84% sealing chunk ids DeterministicChunkIdsPlugin
<s> [webpack.Progress] 84% sealing chunk ids
<s> [webpack.Progress] 84% sealing chunk id optimization
<s> [webpack.Progress] 84% sealing chunk id optimization FlagIncludedChunksPlugin
<s> [webpack.Progress] 84% sealing chunk id optimization
<s> [webpack.Progress] 85% sealing after chunk id optimization
<s> [webpack.Progress] 85% sealing after chunk id optimization
<s> [webpack.Progress] 86% sealing record modules
<s> [webpack.Progress] 86% sealing record modules RecordIdsPlugin
<s> [webpack.Progress] 86% sealing record modules
<s> [webpack.Progress] 86% sealing record chunks
<s> [webpack.Progress] 86% sealing record chunks RecordIdsPlugin
<s> [webpack.Progress] 86% sealing record chunks
<s> [webpack.Progress] 87% sealing module hashing
<s> [webpack.Progress] 87% sealing module hashing
<s> [webpack.Progress] 87% sealing code generation
<s> [webpack.Progress] 87% sealing code generation
<s> [webpack.Progress] 88% sealing runtime requirements
<s> [webpack.Progress] 88% sealing runtime requirements
<s> [webpack.Progress] 89% sealing hashing
<s> [webpack.Progress] 89% sealing hashing
<s> [webpack.Progress] 89% sealing after hashing
<s> [webpack.Progress] 89% sealing after hashing
<s> [webpack.Progress] 90% sealing record hash
<s> [webpack.Progress] 90% sealing record hash
<s> [webpack.Progress] 91% sealing module assets processing
<s> [webpack.Progress] 91% sealing module assets processing
<s> [webpack.Progress] 91% sealing chunk assets processing
<s> [webpack.Progress] 91% sealing chunk assets processing
<s> [webpack.Progress] 92% sealing asset processing
<s> [webpack.Progress] 92% sealing asset processing copy-webpack-plugin
<s> [webpack.Progress] 92% sealing asset processing PersistentChildCompilerSingletonPlugin
<s> [webpack.Progress] 92% sealing asset processing TerserPlugin
info => Manager built (36 s)
<s> [webpack.Progress] 92% sealing asset processing SourceMapDevToolPlugin
<s> [webpack.Progress] 92% sealing asset processing SourceMapDevToolPlugin
<s> [webpack.Progress] 92% sealing asset processing SourceMapDevToolPlugin main.805f5593.iframe.bundle.js generate SourceMap
<s> [webpack.Progress] 92% sealing asset processing SourceMapDevToolPlugin main.805f5593.iframe.bundle.js generated SourceMap
<s> [webpack.Progress] 92% sealing asset processing SourceMapDevToolPlugin runtime~main.d71f57d7.iframe.bundle.js generate SourceMap
<s> [webpack.Progress] 92% sealing asset processing SourceMapDevToolPlugin runtime~main.d71f57d7.iframe.bundle.js generated SourceMap
<s> [webpack.Progress] 92% sealing asset processing SourceMapDevToolPlugin 701.e5be92fa.iframe.bundle.js generate SourceMap
<s> [webpack.Progress] 92% sealing asset processing SourceMapDevToolPlugin 701.e5be92fa.iframe.bundle.js generated SourceMap
<s> [webpack.Progress] 92% sealing asset processing SourceMapDevToolPlugin 39.723154d3.iframe.bundle.js generate SourceMap
<s> [webpack.Progress] 92% sealing asset processing SourceMapDevToolPlugin 39.723154d3.iframe.bundle.js generated SourceMap
<s> [webpack.Progress] 92% sealing asset processing SourceMapDevToolPlugin 236.7199067e.iframe.bundle.js generate SourceMap
<s> [webpack.Progress] 92% sealing asset processing SourceMapDevToolPlugin 236.7199067e.iframe.bundle.js generated SourceMap
<s> [webpack.Progress] 92% sealing asset processing SourceMapDevToolPlugin 22.15612a3d.iframe.bundle.js generate SourceMap
<s> [webpack.Progress] 92% sealing asset processing SourceMapDevToolPlugin 22.15612a3d.iframe.bundle.js generated SourceMap
<s> [webpack.Progress] 92% sealing asset processing SourceMapDevToolPlugin 574.c31b243d.iframe.bundle.js generate SourceMap
<s> [webpack.Progress] 92% sealing asset processing SourceMapDevToolPlugin 574.c31b243d.iframe.bundle.js generated SourceMap
<s> [webpack.Progress] 92% sealing asset processing SourceMapDevToolPlugin 881.2b264441.iframe.bundle.js generate SourceMap
<s> [webpack.Progress] 92% sealing asset processing SourceMapDevToolPlugin 881.2b264441.iframe.bundle.js generated SourceMap
<s> [webpack.Progress] 92% sealing asset processing SourceMapDevToolPlugin 459.becbab44.iframe.bundle.js generate SourceMap
<s> [webpack.Progress] 92% sealing asset processing SourceMapDevToolPlugin 459.becbab44.iframe.bundle.js generated SourceMap
<s> [webpack.Progress] 92% sealing asset processing SourceMapDevToolPlugin 331.17490521.iframe.bundle.js generate SourceMap
<s> [webpack.Progress] 92% sealing asset processing SourceMapDevToolPlugin 331.17490521.iframe.bundle.js generated SourceMap
<s> [webpack.Progress] 92% sealing asset processing SourceMapDevToolPlugin 935.38350ded.iframe.bundle.js generate SourceMap
<s> [webpack.Progress] 92% sealing asset processing SourceMapDevToolPlugin 935.38350ded.iframe.bundle.js generated SourceMap
<s> [webpack.Progress] 92% sealing asset processing SourceMapDevToolPlugin 432.a17703c1.iframe.bundle.js generate SourceMap
<s> [webpack.Progress] 92% sealing asset processing SourceMapDevToolPlugin 432.a17703c1.iframe.bundle.js generated SourceMap
<s> [webpack.Progress] 92% sealing asset processing SourceMapDevToolPlugin assets/css/style.css generate SourceMap
<s> [webpack.Progress] 92% sealing asset processing SourceMapDevToolPlugin assets/css/style.css generated SourceMap
<s> [webpack.Progress] 92% sealing asset processing SourceMapDevToolPlugin resolve sources
<s> [webpack.Progress] 92% sealing asset processing SourceMapDevToolPlugin
<s> [webpack.Progress] 92% sealing asset processing HtmlWebpackPlugin
<s> [webpack.Progress] 92% sealing asset processing HtmlWebpackPlugin
<s> [webpack.Progress] 92% sealing asset processing HtmlWebpackPlugin resolve sources
<s> [webpack.Progress] 92% sealing asset processing HtmlWebpackPlugin
<s> [webpack.Progress] 92% sealing asset processing RealContentHashPlugin
<s> [webpack.Progress] 92% sealing asset processing RealContentHashPlugin
<s> [webpack.Progress] 92% sealing asset processing RealContentHashPlugin main.a9d22f3e.iframe.bundle.js generate SourceMap
<s> [webpack.Progress] 92% sealing asset processing RealContentHashPlugin main.a9d22f3e.iframe.bundle.js generated SourceMap
<s> [webpack.Progress] 92% sealing asset processing RealContentHashPlugin runtime~main.24996d2a.iframe.bundle.js generate SourceMap
<s> [webpack.Progress] 92% sealing asset processing RealContentHashPlugin runtime~main.24996d2a.iframe.bundle.js generated SourceMap
<s> [webpack.Progress] 92% sealing asset processing RealContentHashPlugin 701.5c6edf83.iframe.bundle.js generate SourceMap
<s> [webpack.Progress] 92% sealing asset processing RealContentHashPlugin 701.5c6edf83.iframe.bundle.js generated SourceMap
<s> [webpack.Progress] 92% sealing asset processing RealContentHashPlugin 574.6999443d.iframe.bundle.js generate SourceMap
<s> [webpack.Progress] 92% sealing asset processing RealContentHashPlugin 574.6999443d.iframe.bundle.js generated SourceMap
<s> [webpack.Progress] 92% sealing asset processing RealContentHashPlugin 881.559ab209.iframe.bundle.js generate SourceMap
<s> [webpack.Progress] 92% sealing asset processing RealContentHashPlugin 881.559ab209.iframe.bundle.js generated SourceMap
<s> [webpack.Progress] 92% sealing asset processing RealContentHashPlugin 459.1a7d7888.iframe.bundle.js generate SourceMap
<s> [webpack.Progress] 92% sealing asset processing RealContentHashPlugin 459.1a7d7888.iframe.bundle.js generated SourceMap
<s> [webpack.Progress] 92% sealing asset processing RealContentHashPlugin 39.605a16ae.iframe.bundle.js generate SourceMap
<s> [webpack.Progress] 92% sealing asset processing RealContentHashPlugin 39.605a16ae.iframe.bundle.js generated SourceMap
<s> [webpack.Progress] 92% sealing asset processing RealContentHashPlugin 236.463453b5.iframe.bundle.js generate SourceMap
<s> [webpack.Progress] 92% sealing asset processing RealContentHashPlugin 236.463453b5.iframe.bundle.js generated SourceMap
<s> [webpack.Progress] 92% sealing asset processing RealContentHashPlugin 22.5a8f60ea.iframe.bundle.js generate SourceMap
<s> [webpack.Progress] 92% sealing asset processing RealContentHashPlugin 22.5a8f60ea.iframe.bundle.js generated SourceMap
<s> [webpack.Progress] 92% sealing asset processing RealContentHashPlugin 331.9a4f69b5.iframe.bundle.js generate SourceMap
<s> [webpack.Progress] 92% sealing asset processing RealContentHashPlugin 331.9a4f69b5.iframe.bundle.js generated SourceMap
<s> [webpack.Progress] 92% sealing asset processing RealContentHashPlugin 935.139ff10e.iframe.bundle.js generate SourceMap
<s> [webpack.Progress] 92% sealing asset processing RealContentHashPlugin 935.139ff10e.iframe.bundle.js generated SourceMap
<s> [webpack.Progress] 92% sealing asset processing RealContentHashPlugin 432.e6258f51.iframe.bundle.js generate SourceMap
<s> [webpack.Progress] 92% sealing asset processing RealContentHashPlugin 432.e6258f51.iframe.bundle.js generated SourceMap
<s> [webpack.Progress] 92% sealing asset processing RealContentHashPlugin resolve sources
<s> [webpack.Progress] 92% sealing asset processing RealContentHashPlugin
<s> [webpack.Progress] 92% sealing asset processing AnyComponentStyleBudgetChecker
<s> [webpack.Progress] 92% sealing asset processing
<s> [webpack.Progress] 93% sealing after asset optimization
<s> [webpack.Progress] 93% sealing after asset optimization
<s> [webpack.Progress] 93% sealing recording
<s> [webpack.Progress] 93% sealing recording
<s> [webpack.Progress] 94% sealing after seal
<s> [webpack.Progress] 94% sealing after seal
<s> [webpack.Progress] 95% emitting emit
<s> [webpack.Progress] 95% emitting emit fork-ts-checker-webpack-plugin
<s> [webpack.Progress] 95% emitting emit
<s> [webpack.Progress] 98% emitting after emit
<s> [webpack.Progress] 98% emitting after emit SizeLimitsPlugin
<s> [webpack.Progress] 98% emitting after emit
<s> [webpack.Progress] 99% done plugins
<s> [webpack.Progress] 99% done plugins CaseSensitivePathsPlugin
<s> [webpack.Progress] 99% done plugins fork-ts-checker-webpack-plugin
<s> [webpack.Progress] 99% done plugins fork-ts-checker-webpack-plugin
<s> [webpack.Progress] 99% done plugins
<s> [webpack.Progress] 99% 

<s> [webpack.Progress] 99% cache store build dependencies
<s> [webpack.Progress] 99% cache store build dependencies
<s> [webpack.Progress] 99% cache begin idle
<s> [webpack.Progress] 99% cache begin idle
<s> [webpack.Progress] 100% 

info => Preview built (43 s)
WARN System.import() is deprecated and will be removed soon. Use import() instead.
WARN For more info visit https://webpack.js.org/guides/code-splitting/
WARN System.import() is deprecated and will be removed soon. Use import() instead.
WARN For more info visit https://webpack.js.org/guides/code-splitting/
WARN export 'User' (imported as 'User') was not found in './User' (module has no exports)
WARN export 'User' (imported as 'User') was not found in './User' (module has no exports)
WARN asset size limit: The following asset(s) exceed the recommended size limit (244 KiB).
WARN This can impact web performance.
WARN Assets: 
WARN   assets/img/toppings/pepperoni.svg (627 KiB)
WARN   236.463453b5.iframe.bundle.js (595 KiB)
WARN   432.e6258f51.iframe.bundle.js (3.85 MiB)
WARN entrypoint size limit: The following entrypoint(s) combined asset size exceeds the recommended limit (244 KiB). This can impact web performance.
WARN Entrypoints:
WARN   main (4.08 MiB)
WARN       runtime~main.24996d2a.iframe.bundle.js
WARN       432.e6258f51.iframe.bundle.js
WARN       main.a9d22f3e.iframe.bundle.js
WARN 
<s> [webpack.Progress] 99% cache shutdown
<s> [webpack.Progress] 99% cache shutdown
<s> [webpack.Progress] 100% 

info => Output directory: C:\\Users\\WILLIA~1\\AppData\\Local\\Temp\\chromatic--25488-rQRu3JEowsUI
